Starting script at 2025-01-28 16:33:41 
- Loaded Seurat objects - 2025-01-28 16:37:56 
- Loaded priors - 2025-01-28 16:38:19 

- Starting: cd8_positive_t_cell  - 2025-01-28 16:51:51 

- Starting: platelet  - 2025-01-28 16:51:51 

- Starting: monocyte  - 2025-01-28 16:51:51 

- Starting: cd4_positive_t_cell  - 2025-01-28 16:51:51 

- Finished: monocyte  - 2025-01-28 19:32:33 

- Finished: cd8_positive_t_cell  - 2025-01-28 19:32:57 

- Finished: platelet  - 2025-01-28 21:26:59 

- Finished: cd4_positive_t_cell  - 2025-01-28 21:29:19 
Saved SCORPION output - output/networks/final/bloodScorpionOutput.Rdata 

- Starting: type_ii_pneumocyte  - 2025-01-28 22:23:07 

- Starting:
- Starting:  monocytecd8_positive_t_cell   - -  2025-01-28 22:23:072025-01-28 22:23:07  


- Starting: cd4_positive_t_cell  - 2025-01-28 22:23:07 

- Finished: monocyte  - 2025-01-29 00:45:35 

- Finished: cd8_positive_t_cell  - 2025-01-29 00:47:00 

- Finished: cd4_positive_t_cell  - 2025-01-29 01:01:44 

- Finished: type_ii_pneumocyte  - 2025-01-29 01:11:43 
Saved SCORPION output - output/networks/final/lungScorpionOutput.Rdata 
All tasks completed at 2025-01-29 01:31:55 
